<?xml version="1.0" encoding="UTF-8"?>
<testsuite xmlns:xsi="http://www.w3.org/2001/XMLSchema-instance" xsi:noNamespaceSchemaLocation="https://maven.apache.org/surefire/maven-surefire-plugin/xsd/surefire-test-report.xsd" version="3.0.2" name="com.repsy.controller.PackageControllerTest" time="4.671" tests="1" errors="0" skipped="0" failures="0">
  <properties>
[...]
</properties>
  <testcase name="shouldUploadPackageAndSaveMetadata" classname="com.repsy.controller.PackageControllerTest" time="0.632">
    <system-out><![CDATA[14:40:18.044 [main] INFO org.springframework.test.context.support.AnnotationConfigContextLoaderUtils -- Could not detect default configuration classes for test class [com.repsy.controller.PackageControllerTest]: PackageControllerTest does not declare any static, non-private, non-final, nested classes annotated with @Configuration.
14:40:18.144 [main] INFO org.springframework.boot.test.context.SpringBootTestContextBootstrapper -- Found @SpringBootConfiguration com.repsy.RepsyApiApplication for test class com.repsy.controller.PackageControllerTest

  .   ____          _            __ _ _
 /\\ / ___'_ __ _ _(_)_ __  __ _ \ \ \ \
( ( )\___ | '_ | '_| | '_ \/ _` | \ \ \ \
 \\/  ___)| |_)| | | | | || (_| |  ) ) ) )
  '  |____| .__|_| |_|_| |_\__, | / / / /
 =========|_|==============|___/=/_/_/_/

 :: Spring Boot ::                (v3.4.4)

2025-04-23T14:40:18.482+03:00  INFO 32088 --- [           main] c.r.controller.PackageControllerTest     : Starting PackageControllerTest using Java 17.0.14 with PID 32088 (started by er_po in C:\Users\er_po\Desktop\repsy-api)
2025-04-23T14:40:18.483+03:00  INFO 32088 --- [           main] c.r.controller.PackageControllerTest     : No active profile set, falling back to 1 default profile: "default"
2025-04-23T14:40:19.082+03:00  INFO 32088 --- [           main] .s.d.r.c.RepositoryConfigurationDelegate : Bootstrapping Spring Data JPA repositories in DEFAULT mode.
2025-04-23T14:40:19.127+03:00  INFO 32088 --- [           main] .s.d.r.c.RepositoryConfigurationDelegate : Finished Spring Data repository scanning in 36 ms. Found 1 JPA repository interface.
2025-04-23T14:40:19.611+03:00  INFO 32088 --- [           main] o.hibernate.jpa.internal.util.LogHelper  : HHH000204: Processing PersistenceUnitInfo [name: default]
2025-04-23T14:40:19.667+03:00  INFO 32088 --- [           main] org.hibernate.Version                    : HHH000412: Hibernate ORM core version 6.6.11.Final
2025-04-23T14:40:19.706+03:00  INFO 32088 --- [           main] o.h.c.internal.RegionFactoryInitiator    : HHH000026: Second-level cache disabled
2025-04-23T14:40:20.019+03:00  INFO 32088 --- [           main] o.s.o.j.p.SpringPersistenceUnitInfo      : No LoadTimeWeaver setup: ignoring JPA class transformer
2025-04-23T14:40:20.051+03:00  INFO 32088 --- [           main] com.zaxxer.hikari.HikariDataSource       : HikariPool-1 - Starting...
2025-04-23T14:40:20.234+03:00  INFO 32088 --- [           main] com.zaxxer.hikari.pool.HikariPool        : HikariPool-1 - Added connection org.postgresql.jdbc.PgConnection@7dd91ffc
2025-04-23T14:40:20.236+03:00  INFO 32088 --- [           main] com.zaxxer.hikari.HikariDataSource       : HikariPool-1 - Start completed.
2025-04-23T14:40:20.309+03:00  INFO 32088 --- [           main] org.hibernate.orm.connections.pooling    : HHH10001005: Database info:
	Database JDBC URL [Connecting through datasource 'HikariDataSource (HikariPool-1)']
	Database driver: undefined/unknown
	Database version: 15.12
	Autocommit mode: undefined/unknown
	Isolation level: undefined/unknown
	Minimum pool size: undefined/unknown
	Maximum pool size: undefined/unknown
2025-04-23T14:40:20.980+03:00  INFO 32088 --- [           main] o.h.e.t.j.p.i.JtaPlatformInitiator       : HHH000489: No JTA platform available (set 'hibernate.transaction.jta.platform' to enable JTA platform integration)
2025-04-23T14:40:21.037+03:00  INFO 32088 --- [           main] j.LocalContainerEntityManagerFactoryBean : Initialized JPA EntityManagerFactory for persistence unit 'default'
2025-04-23T14:40:21.582+03:00  WARN 32088 --- [           main] JpaBaseConfiguration$JpaWebConfiguration : spring.jpa.open-in-view is enabled by default. Therefore, database queries may be performed during view rendering. Explicitly configure spring.jpa.open-in-view to disable this warning
2025-04-23T14:40:21.920+03:00  INFO 32088 --- [           main] o.s.b.t.m.w.SpringBootMockServletContext : Initializing Spring TestDispatcherServlet ''
2025-04-23T14:40:21.920+03:00  INFO 32088 --- [           main] o.s.t.web.servlet.TestDispatcherServlet  : Initializing Servlet ''
2025-04-23T14:40:21.921+03:00  INFO 32088 --- [           main] o.s.t.web.servlet.TestDispatcherServlet  : Completed initialization in 1 ms
2025-04-23T14:40:21.953+03:00  INFO 32088 --- [           main] c.r.controller.PackageControllerTest     : Started PackageControllerTest in 3.693 seconds (process running for 4.485)
Hibernate: insert into package_metadata (author,name,version) values (?,?,?)
Hibernate: insert into package_dependency (metadata_id,package_name,version) values (?,?,?)
Hibernate: insert into package_dependency (metadata_id,package_name,version) values (?,?,?)
]]></system-out>
  </testcase>
</testsuite>